<?xml version="1.0" encoding="UTF-8"?>
<!-- Generated by org.testng.reporters.JUnitXMLReporter -->
<testsuite ignored="9" hostname="admin" failures="0" tests="1" name="Default test" time="33.353" errors="0" timestamp="2024-09-04T12:05:07 IST">
  <testcase classname="TestNG_classes.registerPage" name="customerSendingDOBWithoutDatepicker" time="13.163"/>
  <testcase classname="TestNG_classes.registerPage" name="showPasswordCheck" time="0.0">
    <ignored/>
  </testcase> <!-- showPasswordCheck -->
  <testcase classname="TestNG_classes.registerPage" name="customerRegistrationWithInvalidMail" time="0.0">
    <ignored/>
  </testcase> <!-- customerRegistrationWithInvalidMail -->
  <testcase classname="TestNG_classes.registerPage" name="customerRegistrationWithoutFillfields" time="0.0">
    <ignored/>
  </testcase> <!-- customerRegistrationWithoutFillfields -->
  <testcase classname="TestNG_classes.registerPage" name="confirmPasswordErrorCheck" time="0.0">
    <ignored/>
  </testcase> <!-- confirmPasswordErrorCheck -->
  <testcase classname="TestNG_classes.registerPage" name="customerRegistrationWithMandatoryFieldsOnly" time="0.0">
    <ignored/>
  </testcase> <!-- customerRegistrationWithMandatoryFieldsOnly -->
  <testcase classname="TestNG_classes.registerPage" name="customerRegistrationWithInvalidPass" time="0.0">
    <ignored/>
  </testcase> <!-- customerRegistrationWithInvalidPass -->
  <testcase classname="TestNG_classes.registerPage" name="customerRegistrationWithAllDetails" time="0.0">
    <ignored/>
  </testcase> <!-- customerRegistrationWithAllDetails -->
  <testcase classname="TestNG_classes.registerPage" name="customerSignInUsingSpecialcharactername" time="0.0">
    <ignored/>
  </testcase> <!-- customerSignInUsingSpecialcharactername -->
  <testcase classname="TestNG_classes.registerPage" name="createAccountTitleVerify" time="0.0">
    <ignored/>
  </testcase> <!-- createAccountTitleVerify -->
</testsuite> <!-- Default test -->
