<?xml version="1.0" encoding="UTF-8"?>
<testng-results ignored="0" total="1" passed="1" failed="0" skipped="0">
  <reporter-output>
  </reporter-output>
  <suite started-at="2024-09-04T12:04:34 IST" name="Default suite" finished-at="2024-09-04T12:05:07 IST" duration-ms="33353">
    <groups>
    </groups>
    <test started-at="2024-09-04T12:04:34 IST" name="Default test" finished-at="2024-09-04T12:05:07 IST" duration-ms="33353">
      <class name="TestNG_classes.registerPage">
        <test-method is-config="true" signature="startPage()[pri:0, instance:TestNG_classes.registerPage@2892d68]" started-at="2024-09-04T12:04:34 IST" name="startPage" finished-at="2024-09-04T12:04:52 IST" duration-ms="18306" status="PASS">
          <reporter-output>
          </reporter-output>
        </test-method> <!-- startPage -->
        <test-method signature="customerSendingDOBWithoutDatepicker()[pri:0, instance:TestNG_classes.registerPage@2892d68]" started-at="2024-09-04T12:04:52 IST" name="customerSendingDOBWithoutDatepicker" finished-at="2024-09-04T12:05:06 IST" duration-ms="13163" status="PASS">
          <reporter-output>
          </reporter-output>
        </test-method> <!-- customerSendingDOBWithoutDatepicker -->
        <test-method is-config="true" signature="tearDown()[pri:0, instance:TestNG_classes.registerPage@2892d68]" started-at="2024-09-04T12:05:06 IST" name="tearDown" finished-at="2024-09-04T12:05:07 IST" duration-ms="1824" status="PASS">
          <reporter-output>
          </reporter-output>
        </test-method> <!-- tearDown -->
      </class> <!-- TestNG_classes.registerPage -->
    </test> <!-- Default test -->
  </suite> <!-- Default suite -->
</testng-results>
